Log file open, 04/20/20 13:22:00
LogWindows: Failed to load 'aqProf.dll' (GetLastError=126)
LogWindows: File 'aqProf.dll' does not exist
LogWindows: Failed to load 'VtuneApi.dll' (GetLastError=126)
LogWindows: File 'VtuneApi.dll' does not exist
LogWindows: Failed to load 'VtuneApi32e.dll' (GetLastError=126)
LogWindows: File 'VtuneApi32e.dll' does not exist
LogConsoleResponse: Display: Failed to find resolution value strings in scalability ini. Falling back to default.
LogInit: Display: Running engine for game: CarThemHard_v02
LogPlatformFile: Not using cached read wrapper
LogTaskGraph: Started task graph with 5 named threads and 20 total threads with 3 sets of task threads.
LogStats: Stats thread started at 0.054474
LogD3D11RHI: Loaded GFSDK_Aftermath_Lib.x64.dll
LogICUInternationalization: ICU TimeZone Detection - Raw Offset: +2:00, Platform Override: ''
LogPluginManager: Mounting plugin Paper2D
LogPluginManager: Mounting plugin AISupport
LogPluginManager: Mounting plugin LightPropagationVolume
LogPluginManager: Mounting plugin ActorLayerUtilities
LogPluginManager: Mounting plugin AnimationSharing
LogPluginManager: Mounting plugin CLionSourceCodeAccess
LogPluginManager: Mounting plugin CodeLiteSourceCodeAccess
LogPluginManager: Mounting plugin GitSourceControl
LogPluginManager: Mounting plugin KDevelopSourceCodeAccess
LogPluginManager: Mounting plugin NullSourceCodeAccess
LogPluginManager: Mounting plugin PerforceSourceControl
LogPluginManager: Mounting plugin PlasticSourceControl
LogPluginManager: Mounting plugin SubversionSourceControl
LogPluginManager: Mounting plugin UObjectPlugin
LogPluginManager: Mounting plugin VisualStudioCodeSourceCodeAccess
LogPluginManager: Mounting plugin VisualStudioSourceCodeAccess
LogPluginManager: Mounting plugin XCodeSourceCodeAccess
LogPluginManager: Mounting plugin AssetManagerEditor
LogPluginManager: Mounting plugin CryptoKeys
LogPluginManager: Mounting plugin CurveEditorTools
LogPluginManager: Mounting plugin DataValidation
LogPluginManager: Mounting plugin FacialAnimation
LogPluginManager: Mounting plugin GameplayTagsEditor
LogPluginManager: Mounting plugin MacGraphicsSwitching
LogPluginManager: Mounting plugin MaterialAnalyzer
LogPluginManager: Mounting plugin MobileLauncherProfileWizard
LogPluginManager: Mounting plugin PluginBrowser
LogPluginManager: Mounting plugin SpeedTreeImporter
LogPluginManager: Mounting plugin DatasmithContent
LogPluginManager: Mounting plugin VariantManagerContent
LogPluginManager: Mounting plugin AlembicImporter
LogPluginManager: Mounting plugin AutomationUtils
LogPluginManager: Mounting plugin BackChannel
LogPluginManager: Mounting plugin CharacterAI
LogPluginManager: Mounting plugin GeometryCache
LogPluginManager: Mounting plugin PlatformCrypto
LogPluginManager: Mounting plugin ProxyLODPlugin
LogPluginManager: Mounting plugin SkeletalReduction
LogPluginManager: Mounting plugin MagicLeap
LogPluginManager: Mounting plugin MagicLeapMedia
LogPluginManager: Mounting plugin MLSDK
LogPluginManager: Mounting plugin AndroidMedia
LogPluginManager: Mounting plugin AvfMedia
LogPluginManager: Mounting plugin ImgMedia
LogPluginManager: Mounting plugin MediaCompositing
LogPluginManager: Mounting plugin MediaPlayerEditor
LogPluginManager: Mounting plugin WebMMedia
LogPluginManager: Mounting plugin WmfMedia
LogPluginManager: Mounting plugin TcpMessaging
LogPluginManager: Mounting plugin UdpMessaging
LogPluginManager: Mounting plugin ActorSequence
LogPluginManager: Mounting plugin LevelSequenceEditor
LogPluginManager: Mounting plugin MatineeToLevelSequence
LogPluginManager: Mounting plugin NetcodeUnitTest
LogPluginManager: Mounting plugin NUTUnrealEngine4
LogPluginManager: Mounting plugin OnlineSubsystemGooglePlay
LogPluginManager: Mounting plugin OnlineSubsystemIOS
LogPluginManager: Mounting plugin OnlineSubsystem
LogPluginManager: Mounting plugin OnlineSubsystemNull
LogPluginManager: Mounting plugin OnlineSubsystemUtils
LogPluginManager: Mounting plugin LauncherChunkInstaller
LogPluginManager: Mounting plugin AndroidDeviceProfileSelector
LogPluginManager: Mounting plugin AndroidMoviePlayer
LogPluginManager: Mounting plugin AndroidPermission
LogPluginManager: Mounting plugin AppleImageUtils
LogPluginManager: Mounting plugin AppleMoviePlayer
LogPluginManager: Mounting plugin ArchVisCharacter
LogPluginManager: Mounting plugin AssetTags
LogPluginManager: Mounting plugin AudioCapture
LogPluginManager: Mounting plugin CableComponent
LogPluginManager: Mounting plugin CustomMeshComponent
LogPluginManager: Mounting plugin EditableMesh
LogPluginManager: Mounting plugin ExampleDeviceProfileSelector
LogPluginManager: Mounting plugin GoogleCloudMessaging
LogPluginManager: Mounting plugin IOSDeviceProfileSelector
LogPluginManager: Mounting plugin LinuxDeviceProfileSelector
LogPluginManager: Mounting plugin LocationServicesBPLibrary
LogPluginManager: Mounting plugin MobilePatchingUtils
LogPluginManager: Mounting plugin OculusVR
LogPluginManager: Mounting plugin PhysXVehicles
LogPluginManager: Mounting plugin PostSplashScreen
LogPluginManager: Mounting plugin ProceduralMeshComponent
LogPluginManager: Mounting plugin RuntimePhysXCooking
LogPluginManager: Mounting plugin SignificanceManager
LogPluginManager: Mounting plugin SteamVR
LogPluginManager: Mounting plugin WebMMoviePlayer
LogPluginManager: Mounting plugin WindowsMoviePlayer
LogPluginManager: Mounting plugin ScreenshotTools
LogInit: Using libcurl 7.55.1-DEV
LogInit:  - built for x86_64-pc-win32
LogInit:  - supports SSL with OpenSSL/1.1.1
LogInit:  - supports HTTP deflate (compression) using libz 1.2.8
LogInit:  - other features:
LogInit:      CURL_VERSION_SSL
LogInit:      CURL_VERSION_LIBZ
LogInit:      CURL_VERSION_IPV6
LogInit:      CURL_VERSION_ASYNCHDNS
LogInit:      CURL_VERSION_LARGEFILE
LogInit:      CURL_VERSION_IDN
LogInit:  CurlRequestOptions (configurable via config and command line):
LogInit:  - bVerifyPeer = true  - Libcurl will verify peer certificate
LogInit:  - bUseHttpProxy = false  - Libcurl will NOT use HTTP proxy
LogInit:  - bDontReuseConnections = false  - Libcurl will reuse connections
LogInit:  - MaxHostConnections = 16  - Libcurl will limit the number of connections to a host
LogInit:  - LocalHostAddr = Default
LogInit:  - BufferSize = 65536
LogOnline: OSS: Creating online subsystem instance for: NULL
LogInit: WinSock: version 1.1 (2.2), MaxSocks=32767, MaxUdp=65467
LogOnline: OSS: TryLoadSubsystemAndSetDefault: Loaded subsystem for module [NULL]
LogInit: Build: ++UE4+Release-4.24-CL-11590370
LogInit: Engine Version: 4.24.3-11590370+++UE4+Release-4.24
LogInit: Compatible Engine Version: 4.24.0-10570792+++UE4+Release-4.24
LogInit: Net CL: 10570792
LogInit: OS: Windows 10 (Release 1809) (), CPU: Intel(R) Core(TM) i5-9400F CPU @ 2.90GHz, GPU: NVIDIA GeForce GTX 1060 6GB
LogInit: Compiled (64-bit): Feb 24 2020 15:39:18
LogInit: Compiled with Visual C++: 19.16.27032.01
LogInit: Build Configuration: Development
LogInit: Branch Name: ++UE4+Release-4.24
LogInit: Command Line: 
LogInit: Base Directory: A:/Games/Epic Games/UE_4.24/Engine/Binaries/Win64/
LogInit: Installed Engine Build: 1
LogDevObjectVersion: Number of dev versions registered: 25
LogDevObjectVersion:   Dev-Blueprints (B0D832E4-1F89-4F0D-ACCF-7EB736FD4AA2): 10
LogDevObjectVersion:   Dev-Build (E1C64328-A22C-4D53-A36C-8E866417BD8C): 0
LogDevObjectVersion:   Dev-Core (375EC13C-06E4-48FB-B500-84F0262A717E): 3
LogDevObjectVersion:   Dev-Editor (E4B068ED-F494-42E9-A231-DA0B2E46BB41): 37
LogDevObjectVersion:   Dev-Framework (CFFC743F-43B0-4480-9391-14DF171D2073): 36
LogDevObjectVersion:   Dev-Mobile (B02B49B5-BB20-44E9-A304-32B752E40360): 2
LogDevObjectVersion:   Dev-Networking (A4E4105C-59A1-49B5-A7C5-40C4547EDFEE): 0
LogDevObjectVersion:   Dev-Online (39C831C9-5AE6-47DC-9A44-9C173E1C8E7C): 0
LogDevObjectVersion:   Dev-Physics (78F01B33-EBEA-4F98-B9B4-84EACCB95AA2): 2
LogDevObjectVersion:   Dev-Platform (6631380F-2D4D-43E0-8009-CF276956A95A): 0
LogDevObjectVersion:   Dev-Rendering (12F88B9F-8875-4AFC-A67C-D90C383ABD29): 36
LogDevObjectVersion:   Dev-Sequencer (7B5AE74C-D270-4C10-A958-57980B212A5A): 11
LogDevObjectVersion:   Dev-VR (D7296918-1DD6-4BDD-9DE2-64A83CC13884): 2
LogDevObjectVersion:   Dev-LoadTimes (C2A15278-BFE7-4AFE-6C17-90FF531DF755): 1
LogDevObjectVersion:   Private-Geometry (6EACA3D4-40EC-4CC1-B786-8BED09428FC5): 3
LogDevObjectVersion:   Dev-AnimPhys (29E575DD-E0A3-4627-9D10-D276232CDCEA): 17
LogDevObjectVersion:   Dev-Anim (AF43A65D-7FD3-4947-9873-3E8ED9C1BB05): 2
LogDevObjectVersion:   Dev-ReflectionCapture (6B266CEC-1EC7-4B8F-A30B-E4D90942FC07): 1
LogDevObjectVersion:   Dev-Automation (0DF73D61-A23F-47EA-B727-89E90C41499A): 1
LogDevObjectVersion:   FortniteMain (601D1886-AC64-4F84-AA16-D3DE0DEAC7D6): 31
LogDevObjectVersion:   Dev-Enterprise (9DFFBCD6-494F-0158-E221-12823C92A888): 8
LogDevObjectVersion:   Dev-Niagara (F2AED0AC-9AFE-416F-8664-AA7FFA26D6FC): 1
LogDevObjectVersion:   Dev-Destruction (174F1F0B-B4C6-45A5-B13F-2EE8D0FB917D): 9
LogDevObjectVersion:   Dev-Physics-Ext (35F94A83-E258-406C-A318-09F59610247C): 8
LogDevObjectVersion:   Dev-CineCamera (B2E18506-4273-CFC2-A54E-F4BB758BBA07): 1
LogInit: Presizing for max 25165824 objects, including 0 objects not considered by GC, pre-allocating 0 bytes for permanent pool.
LogInit: Object subsystem initialized
LogConfig: Setting CVar [[con.DebugEarlyDefault:1]]
LogConfig: Setting CVar [[r.setres:1280x720]]
[2020.04.20-10.22.00:802][  0]LogConfig: Setting CVar [[r.VSync:0]]
[2020.04.20-10.22.00:802][  0]LogConfig: Setting CVar [[r.RHICmdBypass:0]]
[2020.04.20-10.22.00:802][  0]LogConfig: Applying CVar settings from Section [/Script/Engine.RendererSettings] File [D:/Collage/Unreal Projects/CarThemHard_v02/CarThemHard_v02/Saved/Config/Windows/Engine.ini]
[2020.04.20-10.22.00:802][  0]LogConfig: Setting CVar [[r.GPUCrashDebugging:0]]
[2020.04.20-10.22.00:802][  0]LogConfig: Applying CVar settings from Section [/Script/Engine.RendererOverrideSettings] File [D:/Collage/Unreal Projects/CarThemHard_v02/CarThemHard_v02/Saved/Config/Windows/Engine.ini]
[2020.04.20-10.22.00:802][  0]LogConfig: Applying CVar settings from Section [/Script/Engine.StreamingSettings] File [D:/Collage/Unreal Projects/CarThemHard_v02/CarThemHard_v02/Saved/Config/Windows/Engine.ini]
[2020.04.20-10.22.00:802][  0]LogConfig: Setting CVar [[s.MinBulkDataSizeForAsyncLoading:131072]]
[2020.04.20-10.22.00:802][  0]LogConfig: Setting CVar [[s.AsyncLoadingThreadEnabled:0]]
[2020.04.20-10.22.00:802][  0]LogConfig: Setting CVar [[s.EventDrivenLoaderEnabled:1]]
[2020.04.20-10.22.00:802][  0]LogConfig: Setting CVar [[s.WarnIfTimeLimitExceeded:0]]
[2020.04.20-10.22.00:802][  0]LogConfig: Setting CVar [[s.TimeLimitExceededMultiplier:1.5]]
[2020.04.20-10.22.00:802][  0]LogConfig: Setting CVar [[s.TimeLimitExceededMinTime:0.005]]
[2020.04.20-10.22.00:802][  0]LogConfig: Setting CVar [[s.UseBackgroundLevelStreaming:1]]
[2020.04.20-10.22.00:802][  0]LogConfig: Setting CVar [[s.PriorityAsyncLoadingExtraTime:15.0]]
[2020.04.20-10.22.00:802][  0]LogConfig: Setting CVar [[s.LevelStreamingActorsUpdateTimeLimit:5.0]]
[2020.04.20-10.22.00:802][  0]LogConfig: Setting CVar [[s.PriorityLevelStreamingActorsUpdateExtraTime:5.0]]
[2020.04.20-10.22.00:802][  0]LogConfig: Setting CVar [[s.LevelStreamingComponentsRegistrationGranularity:10]]
[2020.04.20-10.22.00:802][  0]LogConfig: Setting CVar [[s.UnregisterComponentsTimeLimit:1.0]]
[2020.04.20-10.22.00:802][  0]LogConfig: Setting CVar [[s.LevelStreamingComponentsUnregistrationGranularity:5]]
[2020.04.20-10.22.00:803][  0]LogConfig: Setting CVar [[s.FlushStreamingOnExit:1]]
[2020.04.20-10.22.00:803][  0]LogConfig: Applying CVar settings from Section [/Script/Engine.GarbageCollectionSettings] File [D:/Collage/Unreal Projects/CarThemHard_v02/CarThemHard_v02/Saved/Config/Windows/Engine.ini]
[2020.04.20-10.22.00:803][  0]LogConfig: Setting CVar [[gc.MaxObjectsNotConsideredByGC:1]]
[2020.04.20-10.22.00:803][  0]LogConfig: Setting CVar [[gc.SizeOfPermanentObjectPool:0]]
[2020.04.20-10.22.00:803][  0]LogConfig: Setting CVar [[gc.FlushStreamingOnGC:0]]
[2020.04.20-10.22.00:803][  0]LogConfig: Setting CVar [[gc.NumRetriesBeforeForcingGC:10]]
[2020.04.20-10.22.00:803][  0]LogConfig: Setting CVar [[gc.AllowParallelGC:1]]
[2020.04.20-10.22.00:803][  0]LogConfig: Setting CVar [[gc.TimeBetweenPurgingPendingKillObjects:61.1]]
[2020.04.20-10.22.00:803][  0]LogConfig: Setting CVar [[gc.MaxObjectsInEditor:25165824]]
[2020.04.20-10.22.00:803][  0]LogConfig: Setting CVar [[gc.IncrementalBeginDestroyEnabled:1]]
[2020.04.20-10.22.00:803][  0]LogConfig: Setting CVar [[gc.CreateGCClusters:1]]
[2020.04.20-10.22.00:803][  0]LogConfig: Setting CVar [[gc.MinGCClusterSize:5]]
[2020.04.20-10.22.00:803][  0]LogConfig: Setting CVar [[gc.ActorClusteringEnabled:0]]
[2020.04.20-10.22.00:803][  0]LogConfig: Setting CVar [[gc.BlueprintClusteringEnabled:0]]
[2020.04.20-10.22.00:803][  0]LogConfig: Setting CVar [[gc.UseDisregardForGCOnDedicatedServers:0]]
[2020.04.20-10.22.00:803][  0]LogConfig: Applying CVar settings from Section [/Script/Engine.NetworkSettings] File [D:/Collage/Unreal Projects/CarThemHard_v02/CarThemHard_v02/Saved/Config/Windows/Engine.ini]
[2020.04.20-10.22.00:803][  0]LogConfig: Applying CVar settings from Section [/Script/UnrealEd.CookerSettings] File [D:/Collage/Unreal Projects/CarThemHard_v02/CarThemHard_v02/Saved/Config/Windows/Engine.ini]
[2020.04.20-10.22.00:805][  0]LogConfig: Applying CVar settings from Section [ViewDistanceQuality@3] File [D:/Collage/Unreal Projects/CarThemHard_v02/CarThemHard_v02/Saved/Config/Windows/Scalability.ini]
[2020.04.20-10.22.00:805][  0]LogConfig: Setting CVar [[r.SkeletalMeshLODBias:0]]
[2020.04.20-10.22.00:805][  0]LogConfig: Setting CVar [[r.ViewDistanceScale:1.0]]
[2020.04.20-10.22.00:805][  0]LogConfig: Applying CVar settings from Section [AntiAliasingQuality@3] File [D:/Collage/Unreal Projects/CarThemHard_v02/CarThemHard_v02/Saved/Config/Windows/Scalability.ini]
[2020.04.20-10.22.00:805][  0]LogConfig: Setting CVar [[r.PostProcessAAQuality:4]]
[2020.04.20-10.22.00:805][  0]LogConfig: Applying CVar settings from Section [ShadowQuality@3] File [D:/Collage/Unreal Projects/CarThemHard_v02/CarThemHard_v02/Saved/Config/Windows/Scalability.ini]
[2020.04.20-10.22.00:805][  0]LogConfig: Setting CVar [[r.LightFunctionQuality:1]]
[2020.04.20-10.22.00:805][  0]LogConfig: Setting CVar [[r.ShadowQuality:5]]
[2020.04.20-10.22.00:805][  0]LogConfig: Setting CVar [[r.Shadow.CSM.MaxCascades:10]]
[2020.04.20-10.22.00:805][  0]LogConfig: Setting CVar [[r.Shadow.MaxResolution:2048]]
[2020.04.20-10.22.00:805][  0]LogConfig: Setting CVar [[r.Shadow.MaxCSMResolution:2048]]
[2020.04.20-10.22.00:805][  0]LogConfig: Setting CVar [[r.Shadow.RadiusThreshold:0.01]]
[2020.04.20-10.22.00:805][  0]LogConfig: Setting CVar [[r.Shadow.DistanceScale:1.0]]
[2020.04.20-10.22.00:805][  0]LogConfig: Setting CVar [[r.Shadow.CSM.TransitionScale:1.0]]
[2020.04.20-10.22.00:805][  0]LogConfig: Setting CVar [[r.Shadow.PreShadowResolutionFactor:1.0]]
[2020.04.20-10.22.00:805][  0]LogConfig: Setting CVar [[r.DistanceFieldShadowing:1]]
[2020.04.20-10.22.00:805][  0]LogConfig: Setting CVar [[r.DistanceFieldAO:1]]
[2020.04.20-10.22.00:805][  0]LogConfig: Setting CVar [[r.AOQuality:2]]
[2020.04.20-10.22.00:805][  0]LogConfig: Setting CVar [[r.VolumetricFog:1]]
[2020.04.20-10.22.00:805][  0]LogConfig: Setting CVar [[r.VolumetricFog.GridPixelSize:8]]
[2020.04.20-10.22.00:805][  0]LogConfig: Setting CVar [[r.VolumetricFog.GridSizeZ:128]]
[2020.04.20-10.22.00:805][  0]LogConfig: Setting CVar [[r.VolumetricFog.HistoryMissSupersampleCount:4]]
[2020.04.20-10.22.00:805][  0]LogConfig: Setting CVar [[r.LightMaxDrawDistanceScale:1]]
[2020.04.20-10.22.00:805][  0]LogConfig: Setting CVar [[r.CapsuleShadows:1]]
[2020.04.20-10.22.00:805][  0]LogConfig: Applying CVar settings from Section [PostProcessQuality@3] File [D:/Collage/Unreal Projects/CarThemHard_v02/CarThemHard_v02/Saved/Config/Windows/Scalability.ini]
[2020.04.20-10.22.00:805][  0]LogConfig: Setting CVar [[r.MotionBlurQuality:4]]
[2020.04.20-10.22.00:805][  0]LogConfig: Setting CVar [[r.AmbientOcclusionMipLevelFactor:0.4]]
[2020.04.20-10.22.00:805][  0]LogConfig: Setting CVar [[r.AmbientOcclusionMaxQuality:100]]
[2020.04.20-10.22.00:805][  0]LogConfig: Setting CVar [[r.AmbientOcclusionLevels:-1]]
[2020.04.20-10.22.00:805][  0]LogConfig: Setting CVar [[r.AmbientOcclusionRadiusScale:1.0]]
[2020.04.20-10.22.00:805][  0]LogConfig: Setting CVar [[r.DepthOfFieldQuality:2]]
[2020.04.20-10.22.00:805][  0]LogConfig: Setting CVar [[r.RenderTargetPoolMin:400]]
[2020.04.20-10.22.00:805][  0]LogConfig: Setting CVar [[r.LensFlareQuality:2]]
[2020.04.20-10.22.00:805][  0]LogConfig: Setting CVar [[r.SceneColorFringeQuality:1]]
[2020.04.20-10.22.00:805][  0]LogConfig: Setting CVar [[r.EyeAdaptationQuality:2]]
[2020.04.20-10.22.00:805][  0]LogConfig: Setting CVar [[r.BloomQuality:5]]
[2020.04.20-10.22.00:805][  0]LogConfig: Setting CVar [[r.FastBlurThreshold:100]]
[2020.04.20-10.22.00:805][  0]LogConfig: Setting CVar [[r.Upscale.Quality:3]]
[2020.04.20-10.22.00:805][  0]LogConfig: Setting CVar [[r.Tonemapper.GrainQuantization:1]]
[2020.04.20-10.22.00:805][  0]LogConfig: Setting CVar [[r.LightShaftQuality:1]]
[2020.04.20-10.22.00:805][  0]LogConfig: Setting CVar [[r.Filter.SizeScale:1]]
[2020.04.20-10.22.00:805][  0]LogConfig: Setting CVar [[r.Tonemapper.Quality:5]]
[2020.04.20-10.22.00:805][  0]LogConfig: Setting CVar [[r.DOF.Gather.AccumulatorQuality:1        ; higher gathering accumulator quality]]
[2020.04.20-10.22.00:805][  0]LogConfig: Setting CVar [[r.DOF.Gather.PostfilterMethod:1          ; Median3x3 postfilering method]]
[2020.04.20-10.22.00:805][  0]LogConfig: Setting CVar [[r.DOF.Gather.EnableBokehSettings:0       ; no bokeh simulation when gathering]]
[2020.04.20-10.22.00:805][  0]LogConfig: Setting CVar [[r.DOF.Gather.RingCount:4                 ; medium number of samples when gathering]]
[2020.04.20-10.22.00:805][  0]LogConfig: Setting CVar [[r.DOF.Scatter.ForegroundCompositing:1    ; additive foreground scattering]]
[2020.04.20-10.22.00:805][  0]LogConfig: Setting CVar [[r.DOF.Scatter.BackgroundCompositing:2    ; additive background scattering]]
[2020.04.20-10.22.00:805][  0]LogConfig: Setting CVar [[r.DOF.Scatter.EnableBokehSettings:1      ; bokeh simulation when scattering]]
[2020.04.20-10.22.00:805][  0]LogConfig: Setting CVar [[r.DOF.Scatter.MaxSpriteRatio:0.1         ; only a maximum of 10% of scattered bokeh]]
[2020.04.20-10.22.00:805][  0]LogConfig: Setting CVar [[r.DOF.Recombine.Quality:1                ; cheap slight out of focus]]
[2020.04.20-10.22.00:805][  0]LogConfig: Setting CVar [[r.DOF.Recombine.EnableBokehSettings:0    ; no bokeh simulation on slight out of focus]]
[2020.04.20-10.22.00:805][  0]LogConfig: Setting CVar [[r.DOF.TemporalAAQuality:1                ; more stable temporal accumulation]]
[2020.04.20-10.22.00:805][  0]LogConfig: Setting CVar [[r.DOF.Kernel.MaxForegroundRadius:0.025]]
[2020.04.20-10.22.00:805][  0]LogConfig: Setting CVar [[r.DOF.Kernel.MaxBackgroundRadius:0.025]]
[2020.04.20-10.22.00:805][  0]LogConfig: Applying CVar settings from Section [TextureQuality@3] File [D:/Collage/Unreal Projects/CarThemHard_v02/CarThemHard_v02/Saved/Config/Windows/Scalability.ini]
[2020.04.20-10.22.00:805][  0]LogConfig: Setting CVar [[r.Streaming.MipBias:0]]
[2020.04.20-10.22.00:805][  0]LogConfig: Setting CVar [[r.Streaming.AmortizeCPUToGPUCopy:0]]
[2020.04.20-10.22.00:805][  0]LogConfig: Setting CVar [[r.Streaming.MaxNumTexturesToStreamPerFrame:0]]
[2020.04.20-10.22.00:805][  0]LogConfig: Setting CVar [[r.Streaming.Boost:1]]
[2020.04.20-10.22.00:805][  0]LogConfig: Setting CVar [[r.MaxAnisotropy:8]]
[2020.04.20-10.22.00:805][  0]LogConfig: Setting CVar [[r.VT.MaxAnisotropy:8]]
[2020.04.20-10.22.00:805][  0]LogConfig: Setting CVar [[r.Streaming.LimitPoolSizeToVRAM:0]]
[2020.04.20-10.22.00:805][  0]LogConfig: Setting CVar [[r.Streaming.PoolSize:1000]]
[2020.04.20-10.22.00:805][  0]LogConfig: Setting CVar [[r.Streaming.MaxEffectiveScreenSize:0]]
[2020.04.20-10.22.00:806][  0]LogConfig: Applying CVar settings from Section [EffectsQuality@3] File [D:/Collage/Unreal Projects/CarThemHard_v02/CarThemHard_v02/Saved/Config/Windows/Scalability.ini]
[2020.04.20-10.22.00:806][  0]LogConfig: Setting CVar [[r.TranslucencyLightingVolumeDim:64]]
[2020.04.20-10.22.00:806][  0]LogConfig: Setting CVar [[r.RefractionQuality:2]]
[2020.04.20-10.22.00:806][  0]LogConfig: Setting CVar [[r.SSR.Quality:3]]
[2020.04.20-10.22.00:806][  0]LogConfig: Setting CVar [[r.SSR.HalfResSceneColor:0]]
[2020.04.20-10.22.00:806][  0]LogConfig: Setting CVar [[r.SceneColorFormat:4]]
[2020.04.20-10.22.00:806][  0]LogConfig: Setting CVar [[r.DetailMode:2]]
[2020.04.20-10.22.00:806][  0]LogConfig: Setting CVar [[r.TranslucencyVolumeBlur:1]]
[2020.04.20-10.22.00:806][  0]LogConfig: Setting CVar [[r.MaterialQualityLevel:1 ; High quality]]
[2020.04.20-10.22.00:806][  0]LogConfig: Setting CVar [[r.SSS.Scale:1]]
[2020.04.20-10.22.00:806][  0]LogConfig: Setting CVar [[r.SSS.SampleSet:2]]
[2020.04.20-10.22.00:806][  0]LogConfig: Setting CVar [[r.SSS.Quality:1]]
[2020.04.20-10.22.00:806][  0]LogConfig: Setting CVar [[r.SSS.HalfRes:1]]
[2020.04.20-10.22.00:806][  0]LogConfig: Setting CVar [[r.SSGI.Quality:3]]
[2020.04.20-10.22.00:806][  0]LogConfig: Setting CVar [[r.EmitterSpawnRateScale:1.0]]
[2020.04.20-10.22.00:806][  0]LogConfig: Setting CVar [[r.ParticleLightQuality:2]]
[2020.04.20-10.22.00:806][  0]LogConfig: Setting CVar [[r.SkyAtmosphere.AerialPerspectiveLUT.FastApplyOnOpaque:1 ; Always have FastSkyLUT 1 in this case to avoid wrong sky]]
[2020.04.20-10.22.00:806][  0]LogConfig: Setting CVar [[r.SkyAtmosphere.AerialPerspectiveLUT.SampleCountPerSlice:1]]
[2020.04.20-10.22.00:806][  0]LogConfig: Setting CVar [[r.SkyAtmosphere.AerialPerspectiveLUT.DepthResolution:16.0]]
[2020.04.20-10.22.00:806][  0]LogConfig: Setting CVar [[r.SkyAtmosphere.FastSkyLUT:1]]
[2020.04.20-10.22.00:806][  0]LogConfig: Setting CVar [[r.SkyAtmosphere.FastSkyLUT.SampleCountMin:4.0]]
[2020.04.20-10.22.00:806][  0]LogConfig: Setting CVar [[r.SkyAtmosphere.FastSkyLUT.SampleCountMax:32.0]]
[2020.04.20-10.22.00:806][  0]LogConfig: Setting CVar [[r.SkyAtmosphere.SampleCountMin:4.0]]
[2020.04.20-10.22.00:806][  0]LogConfig: Setting CVar [[r.SkyAtmosphere.SampleCountMax:32.0]]
[2020.04.20-10.22.00:806][  0]LogConfig: Setting CVar [[r.SkyAtmosphere.TransmittanceLUT.UseSmallFormat:0]]
[2020.04.20-10.22.00:806][  0]LogConfig: Setting CVar [[r.SkyAtmosphere.TransmittanceLUT.SampleCount:10.0]]
[2020.04.20-10.22.00:806][  0]LogConfig: Setting CVar [[r.SkyAtmosphere.MultiScatteringLUT.SampleCount:15.0]]
[2020.04.20-10.22.00:806][  0]LogConfig: Applying CVar settings from Section [FoliageQuality@3] File [D:/Collage/Unreal Projects/CarThemHard_v02/CarThemHard_v02/Saved/Config/Windows/Scalability.ini]
[2020.04.20-10.22.00:806][  0]LogConfig: Setting CVar [[foliage.DensityScale:1.0]]
[2020.04.20-10.22.00:806][  0]LogConfig: Setting CVar [[grass.DensityScale:1.0]]
[2020.04.20-10.22.00:806][  0]LogConfig: Applying CVar settings from Section [ShadingQuality@3] File [D:/Collage/Unreal Projects/CarThemHard_v02/CarThemHard_v02/Saved/Config/Windows/Scalability.ini]
[2020.04.20-10.22.00:806][  0]LogConfig: Setting CVar [[r.HairStrands.SkyLighting.SampleCount:16]]
[2020.04.20-10.22.00:806][  0]LogConfig: Setting CVar [[r.HairStrands.SkyLighting.JitterIntegration:0]]
[2020.04.20-10.22.00:806][  0]LogConfig: Setting CVar [[r.HairStrands.SkyAO.SampleCount:16]]
[2020.04.20-10.22.00:806][  0]LogInit: Selected Device Profile: [Windows]
[2020.04.20-10.22.00:806][  0]LogInit: Applying CVar settings loaded from the selected device profile: [Windows]
[2020.04.20-10.22.00:808][  0]LogHAL: Display: Platform has ~ 16 GB [17110077440 / 17179869184 / 16], which maps to Larger [LargestMinGB=32, LargerMinGB=12, DefaultMinGB=8, SmallerMinGB=6, SmallestMinGB=0)
[2020.04.20-10.22.00:808][  0]LogInit: Going up to parent DeviceProfile []
[2020.04.20-10.22.00:808][  0]LogConfig: Applying CVar settings from Section [ViewDistanceQuality@3] File [D:/Collage/Unreal Projects/CarThemHard_v02/CarThemHard_v02/Saved/Config/Windows/Scalability.ini]
[2020.04.20-10.22.00:808][  0]LogConfig: Setting CVar [[r.SkeletalMeshLODBias:0]]
[2020.04.20-10.22.00:808][  0]LogConfig: Setting CVar [[r.ViewDistanceScale:1.0]]
[2020.04.20-10.22.00:808][  0]LogConfig: Applying CVar settings from Section [AntiAliasingQuality@3] File [D:/Collage/Unreal Projects/CarThemHard_v02/CarThemHard_v02/Saved/Config/Windows/Scalability.ini]
[2020.04.20-10.22.00:808][  0]LogConfig: Setting CVar [[r.PostProcessAAQuality:4]]
[2020.04.20-10.22.00:808][  0]LogConfig: Applying CVar settings from Section [ShadowQuality@3] File [D:/Collage/Unreal Projects/CarThemHard_v02/CarThemHard_v02/Saved/Config/Windows/Scalability.ini]
[2020.04.20-10.22.00:808][  0]LogConfig: Setting CVar [[r.LightFunctionQuality:1]]
[2020.04.20-10.22.00:808][  0]LogConfig: Setting CVar [[r.ShadowQuality:5]]
[2020.04.20-10.22.00:808][  0]LogConfig: Setting CVar [[r.Shadow.CSM.MaxCascades:10]]
[2020.04.20-10.22.00:808][  0]LogConfig: Setting CVar [[r.Shadow.MaxResolution:2048]]
[2020.04.20-10.22.00:808][  0]LogConfig: Setting CVar [[r.Shadow.MaxCSMResolution:2048]]
[2020.04.20-10.22.00:808][  0]LogConfig: Setting CVar [[r.Shadow.RadiusThreshold:0.01]]
[2020.04.20-10.22.00:808][  0]LogConfig: Setting CVar [[r.Shadow.DistanceScale:1.0]]
[2020.04.20-10.22.00:808][  0]LogConfig: Setting CVar [[r.Shadow.CSM.TransitionScale:1.0]]
[2020.04.20-10.22.00:808][  0]LogConfig: Setting CVar [[r.Shadow.PreShadowResolutionFactor:1.0]]
[2020.04.20-10.22.00:808][  0]LogConfig: Setting CVar [[r.DistanceFieldShadowing:1]]
[2020.04.20-10.22.00:808][  0]LogConfig: Setting CVar [[r.DistanceFieldAO:1]]
[2020.04.20-10.22.00:808][  0]LogConfig: Setting CVar [[r.AOQuality:2]]
[2020.04.20-10.22.00:808][  0]LogConfig: Setting CVar [[r.VolumetricFog:1]]
[2020.04.20-10.22.00:808][  0]LogConfig: Setting CVar [[r.VolumetricFog.GridPixelSize:8]]
[2020.04.20-10.22.00:808][  0]LogConfig: Setting CVar [[r.VolumetricFog.GridSizeZ:128]]
[2020.04.20-10.22.00:808][  0]LogConfig: Setting CVar [[r.VolumetricFog.HistoryMissSupersampleCount:4]]
[2020.04.20-10.22.00:808][  0]LogConfig: Setting CVar [[r.LightMaxDrawDistanceScale:1]]
[2020.04.20-10.22.00:808][  0]LogConfig: Setting CVar [[r.CapsuleShadows:1]]
[2020.04.20-10.22.00:808][  0]LogConfig: Applying CVar settings from Section [PostProcessQuality@3] File [D:/Collage/Unreal Projects/CarThemHard_v02/CarThemHard_v02/Saved/Config/Windows/Scalability.ini]
[2020.04.20-10.22.00:808][  0]LogConfig: Setting CVar [[r.MotionBlurQuality:4]]
[2020.04.20-10.22.00:808][  0]LogConfig: Setting CVar [[r.AmbientOcclusionMipLevelFactor:0.4]]
[2020.04.20-10.22.00:808][  0]LogConfig: Setting CVar [[r.AmbientOcclusionMaxQuality:100]]
[2020.04.20-10.22.00:808][  0]LogConfig: Setting CVar [[r.AmbientOcclusionLevels:-1]]
[2020.04.20-10.22.00:808][  0]LogConfig: Setting CVar [[r.AmbientOcclusionRadiusScale:1.0]]
[2020.04.20-10.22.00:808][  0]LogConfig: Setting CVar [[r.DepthOfFieldQuality:2]]
[2020.04.20-10.22.00:808][  0]LogConfig: Setting CVar [[r.RenderTargetPoolMin:400]]
[2020.04.20-10.22.00:808][  0]LogConfig: Setting CVar [[r.LensFlareQuality:2]]
[2020.04.20-10.22.00:808][  0]LogConfig: Setting CVar [[r.SceneColorFringeQuality:1]]
[2020.04.20-10.22.00:808][  0]LogConfig: Setting CVar [[r.EyeAdaptationQuality:2]]
[2020.04.20-10.22.00:808][  0]LogConfig: Setting CVar [[r.BloomQuality:5]]
[2020.04.20-10.22.00:808][  0]LogConfig: Setting CVar [[r.FastBlurThreshold:100]]
[2020.04.20-10.22.00:808][  0]LogConfig: Setting CVar [[r.Upscale.Quality:3]]
[2020.04.20-10.22.00:808][  0]LogConfig: Setting CVar [[r.Tonemapper.GrainQuantization:1]]
[2020.04.20-10.22.00:808][  0]LogConfig: Setting CVar [[r.LightShaftQuality:1]]
[2020.04.20-10.22.00:808][  0]LogConfig: Setting CVar [[r.Filter.SizeScale:1]]
[2020.04.20-10.22.00:808][  0]LogConfig: Setting CVar [[r.Tonemapper.Quality:5]]
[2020.04.20-10.22.00:808][  0]LogConfig: Setting CVar [[r.DOF.Gather.AccumulatorQuality:1        ; higher gathering accumulator quality]]
[2020.04.20-10.22.00:808][  0]LogConfig: Setting CVar [[r.DOF.Gather.PostfilterMethod:1          ; Median3x3 postfilering method]]
[2020.04.20-10.22.00:808][  0]LogConfig: Setting CVar [[r.DOF.Gather.EnableBokehSettings:0       ; no bokeh simulation when gathering]]
[2020.04.20-10.22.00:808][  0]LogConfig: Setting CVar [[r.DOF.Gather.RingCount:4                 ; medium number of samples when gathering]]
[2020.04.20-10.22.00:808][  0]LogConfig: Setting CVar [[r.DOF.Scatter.ForegroundCompositing:1    ; additive foreground scattering]]
[2020.04.20-10.22.00:808][  0]LogConfig: Setting CVar [[r.DOF.Scatter.BackgroundCompositing:2    ; additive background scattering]]
[2020.04.20-10.22.00:808][  0]LogConfig: Setting CVar [[r.DOF.Scatter.EnableBokehSettings:1      ; bokeh simulation when scattering]]
[2020.04.20-10.22.00:808][  0]LogConfig: Setting CVar [[r.DOF.Scatter.MaxSpriteRatio:0.1         ; only a maximum of 10% of scattered bokeh]]
[2020.04.20-10.22.00:808][  0]LogConfig: Setting CVar [[r.DOF.Recombine.Quality:1                ; cheap slight out of focus]]
[2020.04.20-10.22.00:808][  0]LogConfig: Setting CVar [[r.DOF.Recombine.EnableBokehSettings:0    ; no bokeh simulation on slight out of focus]]
[2020.04.20-10.22.00:808][  0]LogConfig: Setting CVar [[r.DOF.TemporalAAQuality:1                ; more stable temporal accumulation]]
[2020.04.20-10.22.00:808][  0]LogConfig: Setting CVar [[r.DOF.Kernel.MaxForegroundRadius:0.025]]
[2020.04.20-10.22.00:808][  0]LogConfig: Setting CVar [[r.DOF.Kernel.MaxBackgroundRadius:0.025]]
[2020.04.20-10.22.00:808][  0]LogConfig: Applying CVar settings from Section [TextureQuality@3] File [D:/Collage/Unreal Projects/CarThemHard_v02/CarThemHard_v02/Saved/Config/Windows/Scalability.ini]
[2020.04.20-10.22.00:809][  0]LogConfig: Setting CVar [[r.Streaming.MipBias:0]]
[2020.04.20-10.22.00:809][  0]LogConfig: Setting CVar [[r.Streaming.AmortizeCPUToGPUCopy:0]]
[2020.04.20-10.22.00:809][  0]LogConfig: Setting CVar [[r.Streaming.MaxNumTexturesToStreamPerFrame:0]]
[2020.04.20-10.22.00:809][  0]LogConfig: Setting CVar [[r.Streaming.Boost:1]]
[2020.04.20-10.22.00:809][  0]LogConfig: Setting CVar [[r.MaxAnisotropy:8]]
[2020.04.20-10.22.00:809][  0]LogConfig: Setting CVar [[r.VT.MaxAnisotropy:8]]
[2020.04.20-10.22.00:809][  0]LogConfig: Setting CVar [[r.Streaming.LimitPoolSizeToVRAM:0]]
[2020.04.20-10.22.00:809][  0]LogConfig: Setting CVar [[r.Streaming.PoolSize:1000]]
[2020.04.20-10.22.00:809][  0]LogConfig: Setting CVar [[r.Streaming.MaxEffectiveScreenSize:0]]
[2020.04.20-10.22.00:809][  0]LogConfig: Applying CVar settings from Section [EffectsQuality@3] File [D:/Collage/Unreal Projects/CarThemHard_v02/CarThemHard_v02/Saved/Config/Windows/Scalability.ini]
[2020.04.20-10.22.00:809][  0]LogConfig: Setting CVar [[r.TranslucencyLightingVolumeDim:64]]
[2020.04.20-10.22.00:809][  0]LogConfig: Setting CVar [[r.RefractionQuality:2]]
[2020.04.20-10.22.00:809][  0]LogConfig: Setting CVar [[r.SSR.Quality:3]]
[2020.04.20-10.22.00:809][  0]LogConfig: Setting CVar [[r.SSR.HalfResSceneColor:0]]
[2020.04.20-10.22.00:809][  0]LogConfig: Setting CVar [[r.SceneColorFormat:4]]
[2020.04.20-10.22.00:809][  0]LogConfig: Setting CVar [[r.DetailMode:2]]
[2020.04.20-10.22.00:809][  0]LogConfig: Setting CVar [[r.TranslucencyVolumeBlur:1]]
[2020.04.20-10.22.00:809][  0]LogConfig: Setting CVar [[r.MaterialQualityLevel:1 ; High quality]]
[2020.04.20-10.22.00:809][  0]LogConfig: Setting CVar [[r.SSS.Scale:1]]
[2020.04.20-10.22.00:809][  0]LogConfig: Setting CVar [[r.SSS.SampleSet:2]]
[2020.04.20-10.22.00:809][  0]LogConfig: Setting CVar [[r.SSS.Quality:1]]
[2020.04.20-10.22.00:809][  0]LogConfig: Setting CVar [[r.SSS.HalfRes:1]]
[2020.04.20-10.22.00:809][  0]LogConfig: Setting CVar [[r.SSGI.Quality:3]]
[2020.04.20-10.22.00:809][  0]LogConfig: Setting CVar [[r.EmitterSpawnRateScale:1.0]]
[2020.04.20-10.22.00:809][  0]LogConfig: Setting CVar [[r.ParticleLightQuality:2]]
[2020.04.20-10.22.00:809][  0]LogConfig: Setting CVar [[r.SkyAtmosphere.AerialPerspectiveLUT.FastApplyOnOpaque:1 ; Always have FastSkyLUT 1 in this case to avoid wrong sky]]
[2020.04.20-10.22.00:809][  0]LogConfig: Setting CVar [[r.SkyAtmosphere.AerialPerspectiveLUT.SampleCountPerSlice:1]]
[2020.04.20-10.22.00:809][  0]LogConfig: Setting CVar [[r.SkyAtmosphere.AerialPerspectiveLUT.DepthResolution:16.0]]
[2020.04.20-10.22.00:809][  0]LogConfig: Setting CVar [[r.SkyAtmosphere.FastSkyLUT:1]]
[2020.04.20-10.22.00:809][  0]LogConfig: Setting CVar [[r.SkyAtmosphere.FastSkyLUT.SampleCountMin:4.0]]
[2020.04.20-10.22.00:809][  0]LogConfig: Setting CVar [[r.SkyAtmosphere.FastSkyLUT.SampleCountMax:32.0]]
[2020.04.20-10.22.00:809][  0]LogConfig: Setting CVar [[r.SkyAtmosphere.SampleCountMin:4.0]]
[2020.04.20-10.22.00:809][  0]LogConfig: Setting CVar [[r.SkyAtmosphere.SampleCountMax:32.0]]
[2020.04.20-10.22.00:809][  0]LogConfig: Setting CVar [[r.SkyAtmosphere.TransmittanceLUT.UseSmallFormat:0]]
[2020.04.20-10.22.00:809][  0]LogConfig: Setting CVar [[r.SkyAtmosphere.TransmittanceLUT.SampleCount:10.0]]
[2020.04.20-10.22.00:809][  0]LogConfig: Setting CVar [[r.SkyAtmosphere.MultiScatteringLUT.SampleCount:15.0]]
[2020.04.20-10.22.00:809][  0]LogConfig: Applying CVar settings from Section [FoliageQuality@3] File [D:/Collage/Unreal Projects/CarThemHard_v02/CarThemHard_v02/Saved/Config/Windows/Scalability.ini]
[2020.04.20-10.22.00:809][  0]LogConfig: Setting CVar [[foliage.DensityScale:1.0]]
[2020.04.20-10.22.00:809][  0]LogConfig: Setting CVar [[grass.DensityScale:1.0]]
[2020.04.20-10.22.00:809][  0]LogConfig: Applying CVar settings from Section [ShadingQuality@3] File [D:/Collage/Unreal Projects/CarThemHard_v02/CarThemHard_v02/Saved/Config/Windows/Scalability.ini]
[2020.04.20-10.22.00:809][  0]LogConfig: Setting CVar [[r.HairStrands.SkyLighting.SampleCount:16]]
[2020.04.20-10.22.00:809][  0]LogConfig: Setting CVar [[r.HairStrands.SkyLighting.JitterIntegration:0]]
[2020.04.20-10.22.00:809][  0]LogConfig: Setting CVar [[r.HairStrands.SkyAO.SampleCount:16]]
[2020.04.20-10.22.00:809][  0]LogConfig: Applying CVar settings from Section [Startup] File [../../../Engine/Config/ConsoleVariables.ini]
[2020.04.20-10.22.00:809][  0]LogConfig: Setting CVar [[net.UseAdaptiveNetUpdateFrequency:0]]
[2020.04.20-10.22.00:809][  0]LogConfig: Setting CVar [[p.chaos.AllowCreatePhysxBodies:1]]
[2020.04.20-10.22.00:809][  0]LogConfig: Applying CVar settings from Section [ConsoleVariables] File [D:/Collage/Unreal Projects/CarThemHard_v02/CarThemHard_v02/Saved/Config/Windows/Engine.ini]
[2020.04.20-10.22.00:809][  0]LogInit: Computer: DESKTOP-198483F
[2020.04.20-10.22.00:809][  0]LogInit: User: USER
[2020.04.20-10.22.00:809][  0]LogInit: CPU Page size=4096, Cores=6
[2020.04.20-10.22.00:809][  0]LogInit: High frequency timer resolution =10.000000 MHz
[2020.04.20-10.22.00:809][  0]LogMemory: Memory total: Physical=15.9GB (16GB approx)
[2020.04.20-10.22.00:809][  0]LogMemory: Platform Memory Stats for Windows
[2020.04.20-10.22.00:809][  0]LogMemory: Process Physical Memory: 104.89 MB used, 104.89 MB peak
[2020.04.20-10.22.00:809][  0]LogMemory: Process Virtual Memory: 100.42 MB used, 100.42 MB peak
[2020.04.20-10.22.00:809][  0]LogMemory: Physical Memory: 4999.78 MB used,  11317.66 MB free, 16317.44 MB total
[2020.04.20-10.22.00:809][  0]LogMemory: Virtual Memory: 5146.38 MB used,  134212584.00 MB free, 134217728.00 MB total
[2020.04.20-10.22.00:811][  0]LogWindows: WindowsPlatformFeatures enabled
[2020.04.20-10.22.00:825][  0]LogInit: Using OS detected language (en-US).
[2020.04.20-10.22.00:825][  0]LogInit: Using OS detected locale (en-IL).
[2020.04.20-10.22.00:825][  0]LogTextLocalizationManager: No specific localization for 'en-US' exists, so the 'en' localization will be used.
[2020.04.20-10.22.00:958][  0]LogInit: Setting process to per monitor DPI aware
[2020.04.20-10.22.01:006][  0]LogSlate: New Slate User Created.  User Index 0, Is Virtual User: 0
[2020.04.20-10.22.01:006][  0]LogSlate: Slate User Registered.  User Index 0, Is Virtual User: 0
[2020.04.20-10.22.01:115][  0]LogHMD: Failed to initialize OpenVR with code 110
[2020.04.20-10.22.01:115][  0]LogD3D11RHI: D3D11 min allowed feature level: 11_0
[2020.04.20-10.22.01:115][  0]LogD3D11RHI: D3D11 max allowed feature level: 11_0
[2020.04.20-10.22.01:115][  0]LogD3D11RHI: D3D11 adapters:
[2020.04.20-10.22.01:168][  0]LogD3D11RHI:    0. 'NVIDIA GeForce GTX 1060 6GB' (Feature Level 11_0)
[2020.04.20-10.22.01:168][  0]LogD3D11RHI:       6052/0/8158 MB DedicatedVideo/DedicatedSystem/SharedSystem, Outputs:1, VendorId:0x10de
[2020.04.20-10.22.01:170][  0]LogD3D11RHI:    1. 'Microsoft Basic Render Driver' (Feature Level 11_0)
[2020.04.20-10.22.01:170][  0]LogD3D11RHI:       0/0/8158 MB DedicatedVideo/DedicatedSystem/SharedSystem, Outputs:0, VendorId:0x1414
[2020.04.20-10.22.01:170][  0]LogD3D11RHI: Chosen D3D11 Adapter: 0
[2020.04.20-10.22.01:176][  0]LogD3D11RHI: Creating new Direct3DDevice
[2020.04.20-10.22.01:176][  0]LogD3D11RHI:     GPU DeviceId: 0x1c03 (for the marketing name, search the web for "GPU Device Id")
[2020.04.20-10.22.01:176][  0]LogWindows: EnumDisplayDevices:
[2020.04.20-10.22.01:176][  0]LogWindows:    0. 'NVIDIA GeForce GTX 1060 6GB' (P:1 D:1)
[2020.04.20-10.22.01:177][  0]LogWindows:    1. 'NVIDIA GeForce GTX 1060 6GB' (P:0 D:0)
[2020.04.20-10.22.01:177][  0]LogWindows:    2. 'NVIDIA GeForce GTX 1060 6GB' (P:0 D:0)
[2020.04.20-10.22.01:177][  0]LogWindows:    3. 'NVIDIA GeForce GTX 1060 6GB' (P:0 D:0)
[2020.04.20-10.22.01:177][  0]LogWindows: DebugString: FoundDriverCount:4 
[2020.04.20-10.22.01:177][  0]LogD3D11RHI:     Adapter Name: NVIDIA GeForce GTX 1060 6GB
[2020.04.20-10.22.01:177][  0]LogD3D11RHI:   Driver Version: 445.75 (internal:26.21.14.4575, unified:445.75)
[2020.04.20-10.22.01:177][  0]LogD3D11RHI:      Driver Date: 3-17-2020
[2020.04.20-10.22.01:177][  0]LogRHI: Texture pool is 4236 MB (70% of 6052 MB)
[2020.04.20-10.22.01:212][  0]LogD3D11RHI: RHI has support for 64 bit atomics
[2020.04.20-10.22.01:212][  0]LogD3D11RHI: Async texture creation enabled
[2020.04.20-10.22.01:224][  0]LogD3D11RHI: GPU Timing Frequency: 1000.000000 (Debug: 2 1)
[2020.04.20-10.22.01:471][  0]LogTargetPlatformManager: Display: Loaded TargetPlatform 'AllDesktop'
[2020.04.20-10.22.01:495][  0]LogTargetPlatformManager: Display: Loaded TargetPlatform 'Android'
[2020.04.20-10.22.01:495][  0]LogTargetPlatformManager: Display: Loaded TargetPlatform 'Android_ASTC'
[2020.04.20-10.22.01:495][  0]LogTargetPlatformManager: Display: Loaded TargetPlatform 'Android_ATC'
[2020.04.20-10.22.01:495][  0]LogTargetPlatformManager: Display: Loaded TargetPlatform 'Android_DXT'
[2020.04.20-10.22.01:495][  0]LogTargetPlatformManager: Display: Loaded TargetPlatform 'Android_ETC1'
[2020.04.20-10.22.01:495][  0]LogTargetPlatformManager: Display: Loaded TargetPlatform 'Android_ETC1a'
[2020.04.20-10.22.01:495][  0]LogTargetPlatformManager: Display: Loaded TargetPlatform 'Android_ETC2'
[2020.04.20-10.22.01:495][  0]LogTargetPlatformManager: Display: Loaded TargetPlatform 'Android_PVRTC'
[2020.04.20-10.22.01:495][  0]LogTargetPlatformManager: Display: Loaded TargetPlatform 'AndroidClient'
[2020.04.20-10.22.01:495][  0]LogTargetPlatformManager: Display: Loaded TargetPlatform 'Android_ASTCClient'
[2020.04.20-10.22.01:495][  0]LogTargetPlatformManager: Display: Loaded TargetPlatform 'Android_ATCClient'
[2020.04.20-10.22.01:495][  0]LogTargetPlatformManager: Display: Loaded TargetPlatform 'Android_DXTClient'
[2020.04.20-10.22.01:495][  0]LogTargetPlatformManager: Display: Loaded TargetPlatform 'Android_ETC1Client'
[2020.04.20-10.22.01:495][  0]LogTargetPlatformManager: Display: Loaded TargetPlatform 'Android_ETC1aClient'
[2020.04.20-10.22.01:495][  0]LogTargetPlatformManager: Display: Loaded TargetPlatform 'Android_ETC2Client'
[2020.04.20-10.22.01:495][  0]LogTargetPlatformManager: Display: Loaded TargetPlatform 'Android_PVRTCClient'
[2020.04.20-10.22.01:495][  0]LogTargetPlatformManager: Display: Loaded TargetPlatform 'Android_Multi'
[2020.04.20-10.22.01:495][  0]LogTargetPlatformManager: Display: Loaded TargetPlatform 'Android_MultiClient'
[2020.04.20-10.22.01:509][  0]LogTargetPlatformManager: Display: Loaded TargetPlatform 'IOSClient'
[2020.04.20-10.22.01:509][  0]LogTargetPlatformManager: Display: Loaded TargetPlatform 'IOS'
[2020.04.20-10.22.01:514][  0]LogTargetPlatformManager: Display: Loaded TargetPlatform 'LinuxNoEditor'
[2020.04.20-10.22.01:519][  0]LogTargetPlatformManager: Display: Loaded TargetPlatform 'LinuxClient'
[2020.04.20-10.22.01:525][  0]LogTargetPlatformManager: Display: Loaded TargetPlatform 'LinuxServer'
[2020.04.20-10.22.01:530][  0]LogTargetPlatformManager: Display: Loaded TargetPlatform 'LinuxAArch64NoEditor'
[2020.04.20-10.22.01:535][  0]LogTargetPlatformManager: Display: Loaded TargetPlatform 'LinuxAArch64Client'
[2020.04.20-10.22.01:541][  0]LogTargetPlatformManager: Display: Loaded TargetPlatform 'LinuxAArch64Server'
[2020.04.20-10.22.01:558][  0]LogTargetPlatformManager: Display: Loaded TargetPlatform 'Lumin'
[2020.04.20-10.22.01:558][  0]LogTargetPlatformManager: Display: Loaded TargetPlatform 'LuminClient'
[2020.04.20-10.22.01:569][  0]LogTargetPlatformManager: Display: Loaded TargetPlatform 'TVOSClient'
[2020.04.20-10.22.01:569][  0]LogTargetPlatformManager: Display: Loaded TargetPlatform 'TVOS'
[2020.04.20-10.22.01:574][  0]LogTargetPlatformManager: Display: Loaded TargetPlatform 'WindowsNoEditor'
[2020.04.20-10.22.01:580][  0]LogTargetPlatformManager: Display: Loaded TargetPlatform 'Windows'
[2020.04.20-10.22.01:586][  0]LogTargetPlatformManager: Display: Loaded TargetPlatform 'WindowsClient'
[2020.04.20-10.22.01:591][  0]LogTargetPlatformManager: Display: Loaded TargetPlatform 'WindowsServer'
[2020.04.20-10.22.01:591][  0]LogTargetPlatformManager: Display: Building Assets For Windows
[2020.04.20-10.22.01:593][  0]LogAudioDebug: Display: Lib vorbis DLL was dynamically loaded.
[2020.04.20-10.22.01:606][  0]LogShaderCompilers: Guid format shader working directory is -14 characters bigger than the processId version (D:/Collage/Unreal Projects/CarThemHard_v02/CarThemHard_v02/Intermediate/Shaders/WorkingDirectory/16608/).
[2020.04.20-10.22.01:607][  0]LogShaderCompilers: Cleaned the shader compiler working directory 'C:/Users/USER/AppData/Local/Temp/UnrealShaderWorkingDir/DA95C8E9465D7810490723BB39DCA065/'.
[2020.04.20-10.22.01:607][  0]LogXGEController: Cannot use XGE Controller as Incredibuild is not installed on this machine.
[2020.04.20-10.22.01:607][  0]LogShaderCompilers: Cannot use XGE Shader Compiler as Incredibuild is not installed on this machine.
[2020.04.20-10.22.01:607][  0]LogShaderCompilers: Display: Using Local Shader Compiler.
[2020.04.20-10.22.02:198][  0]LogDerivedDataCache: Display: Max Cache Size: 512 MB
[2020.04.20-10.22.02:250][  0]LogDerivedDataCache: Loaded boot cache 0.05s 78MB C:/Users/USER/AppData/Local/UnrealEngine/4.24/DerivedDataCache/Boot.ddc.
[2020.04.20-10.22.02:250][  0]LogDerivedDataCache: Display: Loaded Boot cache: C:/Users/USER/AppData/Local/UnrealEngine/4.24/DerivedDataCache/Boot.ddc
[2020.04.20-10.22.02:250][  0]LogDerivedDataCache: FDerivedDataBackendGraph:  Pak pak cache file D:/Collage/Unreal Projects/CarThemHard_v02/CarThemHard_v02/DerivedDataCache/DDC.ddp not found, will not use a pak cache.
[2020.04.20-10.22.02:250][  0]LogDerivedDataCache: Unable to find inner node Pak for hierarchical cache Hierarchy.
[2020.04.20-10.22.02:250][  0]LogDerivedDataCache: FDerivedDataBackendGraph:  CompressedPak pak cache file D:/Collage/Unreal Projects/CarThemHard_v02/CarThemHard_v02/DerivedDataCache/Compressed.ddp not found, will not use a pak cache.
[2020.04.20-10.22.02:250][  0]LogDerivedDataCache: Unable to find inner node CompressedPak for hierarchical cache Hierarchy.
[2020.04.20-10.22.02:258][  0]LogDerivedDataCache: Display: Pak cache opened for reading ../../../Engine/DerivedDataCache/Compressed.ddp.
[2020.04.20-10.22.02:258][  0]LogDerivedDataCache: FDerivedDataBackendGraph:  EnterprisePak pak cache file ../../../Enterprise/DerivedDataCache/Compressed.ddp not found, will not use a pak cache.
[2020.04.20-10.22.02:258][  0]LogDerivedDataCache: Unable to find inner node EnterprisePak for hierarchical cache Hierarchy.
[2020.04.20-10.22.02:260][  0]LogDerivedDataCache: Using Local data cache path C:/Users/USER/AppData/Local/UnrealEngine/Common/DerivedDataCache: Writable
[2020.04.20-10.22.02:260][  0]LogDerivedDataCache: Shared data cache path not found in *engine.ini, will not use an Shared cache.
[2020.04.20-10.22.02:260][  0]LogDerivedDataCache: Unable to find inner node Shared for hierarchical cache Hierarchy.
[2020.04.20-10.22.02:281][  0]LogMaterial: Verifying Global Shaders for PCD3D_SM5
[2020.04.20-10.22.02:283][  0]LogSlate: Using FreeType 2.10.0
[2020.04.20-10.22.02:283][  0]LogSlate: SlateFontServices - WITH_FREETYPE: 1, WITH_HARFBUZZ: 1
[2020.04.20-10.22.02:327][  0]LogAssetRegistry: FAssetRegistry took 0.0020 seconds to start up
[2020.04.20-10.22.02:554][  0]LogInit: Selected Device Profile: [Windows]
[2020.04.20-10.22.02:678][  0]LogMeshReduction: Using QuadricMeshReduction for automatic static mesh reduction
[2020.04.20-10.22.02:678][  0]LogMeshReduction: Using SimplygonMeshReduction for automatic skeletal mesh reduction
[2020.04.20-10.22.02:678][  0]LogMeshReduction: Using ProxyLODMeshReduction for automatic mesh merging
[2020.04.20-10.22.02:678][  0]LogMeshReduction: No distributed automatic mesh merging module available
[2020.04.20-10.22.02:678][  0]LogMeshMerging: No distributed automatic mesh merging module available
[2020.04.20-10.22.02:687][  0]LogNetVersion: CarThemHard_v02 1.0.0, NetCL: 10570792, EngineNetVer: 13, GameNetVer: 0 (Checksum: 2524807134)
[2020.04.20-10.22.04:712][  0]LogPackageLocalizationCache: Processed 10 localized package path(s) for 1 prioritized culture(s) in 1.198086 seconds
[2020.04.20-10.22.04:718][  0]LogUObjectArray: 46750 objects as part of root set at end of initial load.
[2020.04.20-10.22.04:718][  0]LogUObjectAllocator: 8137160 out of 0 bytes used by permanent object pool.
[2020.04.20-10.22.04:718][  0]LogUObjectArray: CloseDisregardForGC: 0/0 objects in disregard for GC pool
[2020.04.20-10.22.05:060][  0]LogTcpMessaging: Initializing TcpMessaging bridge
[2020.04.20-10.22.05:062][  0]LogUdpMessaging: Initializing bridge on interface 0.0.0.0:0 to multicast group 230.0.0.1:6666.
[2020.04.20-10.22.05:111][  0]SourceControl: Source control is disabled
[2020.04.20-10.22.05:111][  0]SourceControl: Source control is disabled
[2020.04.20-10.22.05:112][  0]SourceControl: Source control is disabled
[2020.04.20-10.22.05:112][  0]SourceControl: Source control is disabled
[2020.04.20-10.22.05:113][  0]SourceControl: Source control is disabled
[2020.04.20-10.22.05:198][  0]LogAndroidPermission: UAndroidPermissionCallbackProxy::GetInstance
[2020.04.20-10.22.05:205][  0]LogAudioCaptureCore: Display: No Audio Capture implementations found. Audio input will be silent.
[2020.04.20-10.22.05:205][  0]LogAudioCaptureCore: Display: No Audio Capture implementations found. Audio input will be silent.
[2020.04.20-10.22.05:271][  0]LogOcInput: OculusInput pre-init called
[2020.04.20-10.22.05:275][  0]LogWindows: Failed to load 'OVRPlugin.dll' (GetLastError=126)
[2020.04.20-10.22.05:275][  0]LogWindows: File 'OVRPlugin.dll' does not exist
[2020.04.20-10.22.05:328][  0]LogEngine: Initializing Engine...
[2020.04.20-10.22.05:329][  0]LogHMD: Failed to initialize OpenVR with code 110
[2020.04.20-10.22.05:330][  0]LogStats: UGameplayTagsManager::InitializeManager -  0.000 s
[2020.04.20-10.22.05:608][  0]LogInit: Initializing FReadOnlyCVARCache
[2020.04.20-10.22.05:613][  0]LogAIModule: Creating AISystem for world Untitled
[2020.04.20-10.22.05:634][  0]LogAudioMixer: Display: Audio Mixer Platform Settings:
[2020.04.20-10.22.05:634][  0]LogAudioMixer: Display: 	Sample Rate:						  48000
[2020.04.20-10.22.05:634][  0]LogAudioMixer: Display: 	Callback Buffer Frame Size Requested: 1024
[2020.04.20-10.22.05:634][  0]LogAudioMixer: Display: 	Callback Buffer Frame Size To Use:	  1024
[2020.04.20-10.22.05:634][  0]LogAudioMixer: Display: 	Number of buffers to queue:			  2
[2020.04.20-10.22.05:634][  0]LogAudioMixer: Display: 	Max Channels (voices):				  32
[2020.04.20-10.22.05:634][  0]LogAudioMixer: Display: 	Number of Async Source Workers:		  0
[2020.04.20-10.22.05:634][  0]LogAudio: Display: AudioDevice MaxSources: 32
[2020.04.20-10.22.05:634][  0]LogAudio: Display: Using built-in audio occlusion.
[2020.04.20-10.22.05:634][  0]LogAudioMixer: Display: Initializing audio mixer.
[2020.04.20-10.22.05:687][  0]LogAudioMixer: Display: Audio Device Output Speaker Info:
[2020.04.20-10.22.05:687][  0]LogAudioMixer: Display: Name: Speakers (5- COUGAR IMMERSA PRO Gaming Headset)
[2020.04.20-10.22.05:687][  0]LogAudioMixer: Display: Is Default: Yes
[2020.04.20-10.22.05:687][  0]LogAudioMixer: Display: Sample Rate: 48000
[2020.04.20-10.22.05:687][  0]LogAudioMixer: Display: Channel Count Used: 8
[2020.04.20-10.22.05:687][  0]LogAudioMixer: Display: Device Channel Count: 8
[2020.04.20-10.22.05:687][  0]LogAudioMixer: Display: Channel Order:
[2020.04.20-10.22.05:687][  0]LogAudioMixer: Display: 0: FrontLeft
[2020.04.20-10.22.05:687][  0]LogAudioMixer: Display: 1: FrontRight
[2020.04.20-10.22.05:687][  0]LogAudioMixer: Display: 2: FrontCenter
[2020.04.20-10.22.05:687][  0]LogAudioMixer: Display: 3: LowFrequency
[2020.04.20-10.22.05:687][  0]LogAudioMixer: Display: 4: BackLeft
[2020.04.20-10.22.05:687][  0]LogAudioMixer: Display: 5: BackRight
[2020.04.20-10.22.05:687][  0]LogAudioMixer: Display: 6: SideLeft
[2020.04.20-10.22.05:687][  0]LogAudioMixer: Display: 7: SideRight
[2020.04.20-10.22.05:748][  0]LogAudioMixer: Display: Using Audio Device Speakers (5- COUGAR IMMERSA PRO Gaming Headset)
[2020.04.20-10.22.05:750][  0]LogInit: FAudioDevice initialized.
[2020.04.20-10.22.05:751][  0]LogNetVersion: Set ProjectVersion to 1.0.0.0. Version Checksum will be recalculated on next use.
[2020.04.20-10.22.06:194][  0]LogDerivedDataCache: Saved boot cache 0.44s 78MB C:/Users/USER/AppData/Local/UnrealEngine/4.24/DerivedDataCache/Boot.ddc.
[2020.04.20-10.22.06:194][  0]LogInit: Texture streaming: Enabled
[2020.04.20-10.22.06:201][  0]LogEngineSessionManager: EngineSessionManager initialized
[2020.04.20-10.22.06:201][  0]LogEditorSessionSummary: Verbose: Initializing EditorSessionSummaryWriter for editor session tracking
[2020.04.20-10.22.06:203][  0]LogEditorSessionSummary: EditorSessionSummaryWriter initialized
[2020.04.20-10.22.06:740][  0]LogInit: Transaction tracking system initialized
[2020.04.20-10.22.06:747][  0]BlueprintLog: New page: Editor Load
[2020.04.20-10.22.06:787][  0]LocalizationService: Localization service is disabled
[2020.04.20-10.22.07:104][  0]LogFileCache: Scanning file cache for directory 'D:/Collage/Unreal Projects/CarThemHard_v02/CarThemHard_v02/Content/' took 0.00s
[2020.04.20-10.22.07:104][  0]LogCook: Display: Max memory allowance for cook 16384mb min free memory 0mb
[2020.04.20-10.22.07:104][  0]LogCook: Display: Mobile HDR setting 1
[2020.04.20-10.22.07:628][  0]SourceControl: Source control is disabled
[2020.04.20-10.22.07:628][  0]Cmd: MAP LOAD FILE="D:/Collage/Unreal Projects/CarThemHard_v02/CarThemHard_v02/Content/Levels/City_Playtest/CityPlaytest.umap" TEMPLATE=0 SHOWPROGRESS=1 FEATURELEVEL=3
[2020.04.20-10.22.07:726][  0]LightingResults: New page: Lighting Build
[2020.04.20-10.22.07:726][  0]LogWorld: UWorld::CleanupWorld for Untitled, bSessionEnded=true, bCleanupResources=true
[2020.04.20-10.22.07:726][  0]LogSlate: InvalidateAllWidgets triggered.  All widgets were invalidated
[2020.04.20-10.22.07:726][  0]MapCheck: New page: Map Check
[2020.04.20-10.22.07:726][  0]LightingResults: New page: Lighting Build
[2020.04.20-10.22.07:752][  0]LogUObjectHash: Compacting FUObjectHashTables data took   1.70ms
[2020.04.20-10.22.11:396][  0]LogAIModule: Creating AISystem for world CityPlaytest
[2020.04.20-10.22.11:426][  0]LogEditorServer: Finished looking for orphan Actors (0.000 secs)
[2020.04.20-10.22.11:454][  0]LogUObjectHash: Compacting FUObjectHashTables data took   1.80ms
[2020.04.20-10.22.11:454][  0]Cmd: MAP CHECKDEP NOCLEARLOG
[2020.04.20-10.22.11:454][  0]MapCheck: Map check complete: 0 Error(s), 0 Warning(s), took 0.117ms to complete.
[2020.04.20-10.22.11:454][  0]LogFileHelpers: Loading map 'CityPlaytest' took 3.826
[2020.04.20-10.22.13:677][  0]LogCollectionManager: Loaded 0 collections in 0.000731 seconds
[2020.04.20-10.22.13:752][  0]LogFileCache: Scanning file cache for directory 'D:/Collage/Unreal Projects/CarThemHard_v02/CarThemHard_v02/Saved/Collections/' took 0.00s
[2020.04.20-10.22.13:752][  0]LogFileCache: Scanning file cache for directory 'D:/Collage/Unreal Projects/CarThemHard_v02/CarThemHard_v02/Content/Developers/USER/Collections/' took 0.00s
[2020.04.20-10.22.13:752][  0]LogFileCache: Scanning file cache for directory 'D:/Collage/Unreal Projects/CarThemHard_v02/CarThemHard_v02/Content/Collections/' took 0.00s
[2020.04.20-10.22.13:752][  0]LogContentBrowser: Native class hierarchy populated in 0.0069 seconds. Added 3015 classes and 717 folders.
[2020.04.20-10.22.13:794][  0]LogContentBrowser: Native class hierarchy updated for 'WidgetCarousel' in 0.0002 seconds. Added 0 classes and 0 folders.
[2020.04.20-10.22.14:497][  0]LogContentBrowser: Native class hierarchy updated for 'AddContentDialog' in 0.0002 seconds. Added 0 classes and 0 folders.
[2020.04.20-10.22.14:677][  0]LogSlate: Updating window title bar state: overlay mode, drag disabled, window buttons hidden, title bar hidden
[2020.04.20-10.22.14:695][  0]LogSlate: Updating window title bar state: overlay mode, drag disabled, window buttons hidden, title bar hidden
[2020.04.20-10.22.14:700][  0]LogSlate: Updating window title bar state: overlay mode, drag disabled, window buttons hidden, title bar hidden
[2020.04.20-10.22.14:706][  0]LogSlate: Updating window title bar state: overlay mode, drag disabled, window buttons hidden, title bar hidden
[2020.04.20-10.22.14:739][  0]LogContentBrowser: Native class hierarchy updated for 'SceneOutliner' in 0.0002 seconds. Added 2 classes and 3 folders.
[2020.04.20-10.22.15:100][  0]LogSlate: Took 0.000273 seconds to synchronously load lazily loaded font '../../../Engine/Content/Slate/Fonts/Roboto-Regular.ttf' (155K)
[2020.04.20-10.22.15:102][  0]LogSlate: Took 0.000210 seconds to synchronously load lazily loaded font '../../../Engine/Content/Slate/Fonts/Roboto-Bold.ttf' (160K)
[2020.04.20-10.22.15:113][  0]LogSlate: Took 0.010756 seconds to synchronously load lazily loaded font '../../../Engine/Content/Editor/Slate/Fonts/FontAwesome.ttf' (139K)
[2020.04.20-10.22.15:396][  0]LogRenderer: Reallocating scene render targets to support 1500x924 Format 10 NumSamples 1 (Frame:1).
[2020.04.20-10.22.15:543][  0]LogContentBrowser: Native class hierarchy updated for 'HierarchicalLODOutliner' in 0.0002 seconds. Added 0 classes and 0 folders.
[2020.04.20-10.22.15:543][  0]LogLoad: (Engine Initialization) Total time: 15.99 seconds
[2020.04.20-10.22.15:543][  0]LogLoad: (Engine Initialization) Total Blueprint compile time: 0.00 seconds
[2020.04.20-10.22.15:696][  0]LogContentStreaming: Texture pool size now 1000 MB
[2020.04.20-10.22.15:745][  0]LogSlate: Took 0.009981 seconds to synchronously load lazily loaded font '../../../Engine/Content/Slate/Fonts/Roboto-Light.ttf' (167K)
[2020.04.20-10.22.15:938][  1]LogAssetRegistry: Asset discovery search completed in 13.6109 seconds
[2020.04.20-10.22.15:941][  1]LogCollectionManager: Fixed up redirectors for 0 collections in 0.000007 seconds (updated 0 objects)
[2020.04.20-10.23.39:719][183]LogMaterial: Display: Missing cached shader map for material Material__1726, compiling. 
[2020.04.20-10.23.39:792][183]LogShaderCompilers: Display: Worker (1/3): shaders left to compile 39
[2020.04.20-10.23.39:792][183]LogShaderCompilers: Display: Worker (2/3): shaders left to compile 29
[2020.04.20-10.23.39:792][183]LogMaterial: Display: Missing cached shader map for material Material__1765, compiling. 
[2020.04.20-10.23.43:236][573]LogShaderCompilers: Display: Worker (2/3): shaders left to compile 58
[2020.04.20-10.23.43:469][601]LogShaderCompilers: Display: Worker (1/3): shaders left to compile 48
[2020.04.20-10.23.44:833][761]LogSlate: Took 0.000234 seconds to synchronously load lazily loaded font '../../../Engine/Content/Slate/Fonts/Roboto-Light.ttf' (167K)
[2020.04.20-10.23.45:382][761]LogSavePackage: Moving 'D:/Collage/Unreal Projects/CarThemHard_v02/CarThemHard_v02/Saved/Ambulabce_V002_2C466DE314D9EA10801AC559533FDF6B2.tmp' to 'D:/Collage/Unreal Projects/CarThemHard_v02/CarThemHard_v02/Content/Blueprints/Car/AmbulanceV2/Ambulabce_V002_2.uasset'
[2020.04.20-10.23.45:433][761]LogShaderCompilers: Display: Worker (1/3): shaders left to compile 38
[2020.04.20-10.23.45:433][761]LogSavePackage: Moving 'D:/Collage/Unreal Projects/CarThemHard_v02/CarThemHard_v02/Saved/Ambulabce_V002_PhysicsAsset_2265B1C0C4439186B5767D5A6C6421AE7.tmp' to 'D:/Collage/Unreal Projects/CarThemHard_v02/CarThemHard_v02/Content/Blueprints/Car/AmbulanceV2/Ambulabce_V002_PhysicsAsset_2.uasset'
[2020.04.20-10.23.45:439][761]LogSavePackage: Moving 'D:/Collage/Unreal Projects/CarThemHard_v02/CarThemHard_v02/Saved/Ambulabce_V002_Skeleton_2A1575B194C31FA73BDDA5E88835872B3.tmp' to 'D:/Collage/Unreal Projects/CarThemHard_v02/CarThemHard_v02/Content/Blueprints/Car/AmbulanceV2/Ambulabce_V002_Skeleton_2.uasset'
[2020.04.20-10.23.45:465][761]LogSavePackage: Moving 'D:/Collage/Unreal Projects/CarThemHard_v02/CarThemHard_v02/Saved/Ambulance_color_2B983769B4DE0F42CB57A8194B8204F4A.tmp' to 'D:/Collage/Unreal Projects/CarThemHard_v02/CarThemHard_v02/Content/Blueprints/Car/AmbulanceV2/Ambulance_color_2.uasset'
[2020.04.20-10.23.45:550][761]LogShaderCompilers: Display: Worker (2/3): shaders left to compile 28
[2020.04.20-10.23.45:658][761]LogSavePackage: Moving 'D:/Collage/Unreal Projects/CarThemHard_v02/CarThemHard_v02/Saved/Material__1726DC87A8614EAFDCDE423943B6692A4252.tmp' to 'D:/Collage/Unreal Projects/CarThemHard_v02/CarThemHard_v02/Content/Blueprints/Car/AmbulanceV2/Material__1726.uasset'
[2020.04.20-10.23.49:642][761]LogShaderCompilers: Display: Worker (2/3): shaders left to compile 18
[2020.04.20-10.23.49:642][761]LogShaderCompilers: Display: Worker (1/3): shaders left to compile 8
[2020.04.20-10.23.49:642][761]LogShaderCompilers: Display: Worker (1/3): shaders left to compile 3
[2020.04.20-10.23.49:643][761]LogShaderCompilers: Display: Worker (1/3): shaders left to compile 1
[2020.04.20-10.23.49:684][761]LogSavePackage: Moving 'D:/Collage/Unreal Projects/CarThemHard_v02/CarThemHard_v02/Saved/Material__1765B3674E4543B5B6DEC0DDF5870895368A.tmp' to 'D:/Collage/Unreal Projects/CarThemHard_v02/CarThemHard_v02/Content/Blueprints/Car/AmbulanceV2/Material__1765.uasset'
[2020.04.20-10.23.49:690][761]Cmd: OBJ SAVEPACKAGE PACKAGE="/Game/Blueprints/Car/AmbulanceV2/Tire_v1_2" FILE="D:/Collage/Unreal Projects/CarThemHard_v02/CarThemHard_v02/Content/Blueprints/Car/AmbulanceV2/Tire_v1_2.uasset" SILENT=true
[2020.04.20-10.23.49:704][761]LogSavePackage: Moving 'D:/Collage/Unreal Projects/CarThemHard_v02/CarThemHard_v02/Saved/Tire_v1_22E34937243EBFE33335A74BE38B31A1E.tmp' to 'D:/Collage/Unreal Projects/CarThemHard_v02/CarThemHard_v02/Content/Blueprints/Car/AmbulanceV2/Tire_v1_2.uasset'
[2020.04.20-10.23.50:132][761]LogUObjectHash: Compacting FUObjectHashTables data took   1.28ms
[2020.04.20-10.23.50:157][761]LogUObjectHash: Compacting FUObjectHashTables data took   0.55ms
[2020.04.20-10.23.50:182][761]LogUObjectHash: Compacting FUObjectHashTables data took   0.57ms
[2020.04.20-10.23.50:205][761]LogUObjectHash: Compacting FUObjectHashTables data took   0.55ms
[2020.04.20-10.23.50:229][761]LogUObjectHash: Compacting FUObjectHashTables data took   0.56ms
[2020.04.20-10.23.50:253][761]LogUObjectHash: Compacting FUObjectHashTables data took   0.55ms
[2020.04.20-10.23.50:277][761]LogUObjectHash: Compacting FUObjectHashTables data took   0.55ms
[2020.04.20-10.23.50:307][761]LogUObjectHash: Compacting FUObjectHashTables data took   1.35ms
[2020.04.20-10.23.50:332][761]LogUObjectHash: Compacting FUObjectHashTables data took   0.56ms
[2020.04.20-10.23.50:402][761]AssetCheck: New page: Asset Save: multiple assets
[2020.04.20-10.23.50:402][761]LogContentValidation: Display: Validating SkeletalMesh /Game/Blueprints/Car/AmbulanceV2/Ambulabce_V002_2.Ambulabce_V002_2
[2020.04.20-10.23.50:402][761]LogContentValidation: Display: Validating PhysicsAsset /Game/Blueprints/Car/AmbulanceV2/Ambulabce_V002_PhysicsAsset_2.Ambulabce_V002_PhysicsAsset_2
[2020.04.20-10.23.50:402][761]LogContentValidation: Display: Validating Skeleton /Game/Blueprints/Car/AmbulanceV2/Ambulabce_V002_Skeleton_2.Ambulabce_V002_Skeleton_2
[2020.04.20-10.23.50:402][761]LogContentValidation: Display: Validating Texture2D /Game/Blueprints/Car/AmbulanceV2/Ambulance_color_2.Ambulance_color_2
[2020.04.20-10.23.50:402][761]LogContentValidation: Display: Validating Material /Game/Blueprints/Car/AmbulanceV2/Material__1726.Material__1726
[2020.04.20-10.23.50:402][761]LogContentValidation: Display: Validating Material /Game/Blueprints/Car/AmbulanceV2/Material__1765.Material__1765
[2020.04.20-10.23.50:402][761]LogContentValidation: Display: Validating Texture2D /Game/Blueprints/Car/AmbulanceV2/Tire_v1_2.Tire_v1_2
[2020.04.20-10.23.54:596][237]LogUObjectHash: Compacting FUObjectHashTables data took   1.63ms
[2020.04.20-10.23.54:668][237]LogUObjectHash: Compacting FUObjectHashTables data took   1.74ms
[2020.04.20-10.23.54:697][237]LogUObjectHash: Compacting FUObjectHashTables data took   1.46ms
[2020.04.20-10.23.54:728][237]LogUObjectHash: Compacting FUObjectHashTables data took   1.58ms
[2020.04.20-10.23.54:759][237]LogUObjectHash: Compacting FUObjectHashTables data took   1.65ms
[2020.04.20-10.24.08:492][732]LogUObjectHash: Compacting FUObjectHashTables data took   1.72ms
[2020.04.20-10.24.09:907][870]LogUObjectHash: Compacting FUObjectHashTables data took   1.78ms
[2020.04.20-10.24.15:359][385]LogUObjectHash: Compacting FUObjectHashTables data took   1.45ms
[2020.04.20-10.24.17:288][569]LogUObjectHash: Compacting FUObjectHashTables data took   1.45ms
[2020.04.20-10.24.20:684][569]LogSlate: Window 'Delete Assets' being destroyed
[2020.04.20-10.24.25:868][569]LogUObjectGlobals: Force Deleting 1 Package(s):
	Asset Name: /Game/Blueprints/Car/AmbulanceV2/Blueprints/CarBlueprint.CarBlueprint
[2020.04.20-10.24.27:268][569]LogUObjectHash: Compacting FUObjectHashTables data took   1.64ms
[2020.04.20-10.24.27:417][569]LogUObjectHash: Compacting FUObjectHashTables data took   1.77ms
[2020.04.20-10.24.31:502][  0]LogUObjectHash: Compacting FUObjectHashTables data took   0.55ms
[2020.04.20-10.24.32:362][  0]LogSlate: Window 'Delete Assets' being destroyed
[2020.04.20-10.24.32:438][  0]LogUObjectHash: Compacting FUObjectHashTables data took   1.50ms
[2020.04.20-10.24.34:667][240]LogUObjectHash: Compacting FUObjectHashTables data took   1.62ms
[2020.04.20-10.24.35:860][358]LogUObjectHash: Compacting FUObjectHashTables data took   1.69ms
[2020.04.20-10.24.37:264][358]LogSlate: Window 'Delete Assets' being destroyed
[2020.04.20-10.24.37:960][358]LogUObjectGlobals: Force Deleting 1 Package(s):
	Asset Name: /Game/Blueprints/Car/AmbulanceV2/Blueprints/CarAnimation.CarAnimation
[2020.04.20-10.24.38:345][358]LogUObjectHash: Compacting FUObjectHashTables data took   1.64ms
[2020.04.20-10.24.39:554][493]LogTemp: Repeating last play command: Selected Viewport
[2020.04.20-10.24.39:564][493]LogBlueprintUserMessages: Early PlayInEditor Detection: Level '/Game/Levels/City_Playtest/CityPlaytest.CityPlaytest:PersistentLevel' has LevelScriptBlueprint '/Game/Levels/City_Playtest/CityPlaytest.CityPlaytest:PersistentLevel.CityPlaytest' with GeneratedClass '/Game/Levels/City_Playtest/CityPlaytest.CityPlaytest_C' with ClassGeneratedBy '/Game/Levels/City_Playtest/CityPlaytest.CityPlaytest:PersistentLevel.CityPlaytest'
[2020.04.20-10.24.39:564][493]LogPlayLevel: PlayLevel: No blueprints needed recompiling
[2020.04.20-10.24.39:622][493]PIE: New page: PIE session: CityPlaytest (20 Apr 2020, 16:24:39)
[2020.04.20-10.24.39:637][493]LogOnline: OSS: Creating online subsystem instance for: NULL
[2020.04.20-10.24.39:642][493]LogOnline: OSS: TryLoadSubsystemAndSetDefault: Loaded subsystem for module [NULL]
[2020.04.20-10.24.39:642][493]LogPlayLevel: Creating play world package: /Game/Levels/City_Playtest/UEDPIE_0_CityPlaytest
[2020.04.20-10.24.39:770][493]LogPlayLevel: PIE: StaticDuplicateObject took: (0.127631s)
[2020.04.20-10.24.39:771][493]LogAIModule: Creating AISystem for world CityPlaytest
[2020.04.20-10.24.39:771][493]LogPlayLevel: PIE: World Init took: (0.001018s)
[2020.04.20-10.24.39:771][493]LogPlayLevel: PIE: Created PIE world by copying editor world from /Game/Levels/City_Playtest/CityPlaytest.CityPlaytest to /Game/Levels/City_Playtest/UEDPIE_0_CityPlaytest.CityPlaytest (0.128889s)
[2020.04.20-10.24.39:796][493]LogUObjectHash: Compacting FUObjectHashTables data took   1.21ms
[2020.04.20-10.24.39:797][493]LogAudioMixer: Display: Audio Mixer Platform Settings:
[2020.04.20-10.24.39:797][493]LogAudioMixer: Display: 	Sample Rate:						  48000
[2020.04.20-10.24.39:797][493]LogAudioMixer: Display: 	Callback Buffer Frame Size Requested: 1024
[2020.04.20-10.24.39:797][493]LogAudioMixer: Display: 	Callback Buffer Frame Size To Use:	  1024
[2020.04.20-10.24.39:797][493]LogAudioMixer: Display: 	Number of buffers to queue:			  2
[2020.04.20-10.24.39:797][493]LogAudioMixer: Display: 	Max Channels (voices):				  32
[2020.04.20-10.24.39:797][493]LogAudioMixer: Display: 	Number of Async Source Workers:		  0
[2020.04.20-10.24.39:797][493]LogAudio: Display: AudioDevice MaxSources: 32
[2020.04.20-10.24.39:797][493]LogAudio: Display: Using built-in audio occlusion.
[2020.04.20-10.24.39:797][493]LogAudioMixer: Display: Initializing audio mixer.
[2020.04.20-10.24.39:848][493]LogAudioMixer: Display: Audio Device Output Speaker Info:
[2020.04.20-10.24.39:848][493]LogAudioMixer: Display: Name: Speakers (5- COUGAR IMMERSA PRO Gaming Headset)
[2020.04.20-10.24.39:848][493]LogAudioMixer: Display: Is Default: Yes
[2020.04.20-10.24.39:848][493]LogAudioMixer: Display: Sample Rate: 48000
[2020.04.20-10.24.39:848][493]LogAudioMixer: Display: Channel Count Used: 8
[2020.04.20-10.24.39:848][493]LogAudioMixer: Display: Device Channel Count: 8
[2020.04.20-10.24.39:848][493]LogAudioMixer: Display: Channel Order:
[2020.04.20-10.24.39:848][493]LogAudioMixer: Display: 0: FrontLeft
[2020.04.20-10.24.39:848][493]LogAudioMixer: Display: 1: FrontRight
[2020.04.20-10.24.39:848][493]LogAudioMixer: Display: 2: FrontCenter
[2020.04.20-10.24.39:848][493]LogAudioMixer: Display: 3: LowFrequency
[2020.04.20-10.24.39:848][493]LogAudioMixer: Display: 4: BackLeft
[2020.04.20-10.24.39:848][493]LogAudioMixer: Display: 5: BackRight
[2020.04.20-10.24.39:848][493]LogAudioMixer: Display: 6: SideLeft
[2020.04.20-10.24.39:848][493]LogAudioMixer: Display: 7: SideRight
[2020.04.20-10.24.39:887][493]LogAudioMixer: Display: Using Audio Device Speakers (5- COUGAR IMMERSA PRO Gaming Headset)
[2020.04.20-10.24.39:890][493]LogInit: FAudioDevice initialized.
[2020.04.20-10.24.39:916][493]LogLoad: Game class is 'CarGameMode_C'
[2020.04.20-10.24.39:941][493]LogWorld: Bringing World /Game/Levels/City_Playtest/UEDPIE_0_CityPlaytest.CityPlaytest up for play (max tick rate 0) at 2020.04.20-13.24.39
[2020.04.20-10.24.39:955][493]LogWorld: Bringing up level for play took: 0.026494
[2020.04.20-10.24.39:957][493]LogOnline: OSS: Creating online subsystem instance for: :Context_8
[2020.04.20-10.24.40:003][493]LogContentBrowser: Native class hierarchy updated for 'MovieSceneCapture' in 0.0003 seconds. Added 20 classes and 0 folders.
[2020.04.20-10.24.40:099][493]PIE: Play in editor start time for /Game/Levels/City_Playtest/UEDPIE_0_CityPlaytest 0.669
[2020.04.20-10.24.40:100][493]LogBlueprintUserMessages: Late PlayInEditor Detection: Level '/Game/Levels/City_Playtest/CityPlaytest.CityPlaytest:PersistentLevel' has LevelScriptBlueprint '/Game/Levels/City_Playtest/CityPlaytest.CityPlaytest:PersistentLevel.CityPlaytest' with GeneratedClass '/Game/Levels/City_Playtest/CityPlaytest.CityPlaytest_C' with ClassGeneratedBy '/Game/Levels/City_Playtest/CityPlaytest.CityPlaytest:PersistentLevel.CityPlaytest'
[2020.04.20-10.24.40:100][493]LogInput: Error: Duplicate mapping of key Gamepad_LeftX for axis TurnLeft_Right
[2020.04.20-10.24.44:625][ 25]LogAudioMixer: Display: No commands were queued while flushing the source manager.
[2020.04.20-10.24.44:641][ 25]LogAudioMixer: Display: Flush succeeded in the source manager command queue (1).
[2020.04.20-10.24.44:661][ 25]LogAudioMixer: Display: Flush succeeded the source manager command queue (2).
[2020.04.20-10.24.44:661][ 25]LogBlueprintUserMessages: Early EndPlayMap Detection: Level '/Game/Levels/City_Playtest/CityPlaytest.CityPlaytest:PersistentLevel' has LevelScriptBlueprint '/Game/Levels/City_Playtest/CityPlaytest.CityPlaytest:PersistentLevel.CityPlaytest' with GeneratedClass '/Game/Levels/City_Playtest/CityPlaytest.CityPlaytest_C' with ClassGeneratedBy '/Game/Levels/City_Playtest/CityPlaytest.CityPlaytest:PersistentLevel.CityPlaytest'
[2020.04.20-10.24.44:661][ 25]LogSlate: Updating window title bar state: overlay mode, drag disabled, window buttons hidden, title bar hidden
[2020.04.20-10.24.44:661][ 25]LogWorld: BeginTearingDown for /Game/Levels/City_Playtest/UEDPIE_0_CityPlaytest
[2020.04.20-10.24.44:661][ 25]LogAudioMixer: Display: No commands were queued while flushing the source manager.
[2020.04.20-10.24.44:661][ 25]LogWorld: UWorld::CleanupWorld for CityPlaytest, bSessionEnded=true, bCleanupResources=true
[2020.04.20-10.24.44:663][ 25]LogSlate: InvalidateAllWidgets triggered.  All widgets were invalidated
[2020.04.20-10.24.44:670][ 25]LogPlayLevel: Display: Shutting down PIE online subsystems
[2020.04.20-10.24.44:670][ 25]LogBlueprintUserMessages: Late EndPlayMap Detection: Level '/Game/Levels/City_Playtest/CityPlaytest.CityPlaytest:PersistentLevel' has LevelScriptBlueprint '/Game/Levels/City_Playtest/CityPlaytest.CityPlaytest:PersistentLevel.CityPlaytest' with GeneratedClass '/Game/Levels/City_Playtest/CityPlaytest.CityPlaytest_C' with ClassGeneratedBy '/Game/Levels/City_Playtest/CityPlaytest.CityPlaytest:PersistentLevel.CityPlaytest'
[2020.04.20-10.24.44:673][ 25]LogSlate: InvalidateAllWidgets triggered.  All widgets were invalidated
[2020.04.20-10.24.44:697][ 25]LogAudioMixer: Display: No commands were queued while flushing the source manager.
[2020.04.20-10.24.44:699][ 25]LogSlate: Updating window title bar state: overlay mode, drag disabled, window buttons hidden, title bar hidden
[2020.04.20-10.24.44:703][ 25]LogUObjectHash: Compacting FUObjectHashTables data took   1.42ms
[2020.04.20-10.24.44:735][ 26]LogPlayLevel: Display: Destroying online subsystem :Context_8
[2020.04.20-10.24.46:407][215]LogUObjectHash: Compacting FUObjectHashTables data took   1.62ms
[2020.04.20-10.24.47:525][328]LogUObjectHash: Compacting FUObjectHashTables data took   1.39ms
[2020.04.20-10.24.48:739][328]LogSlate: Window 'Delete Assets' being destroyed
[2020.04.20-10.24.48:815][328]LogUObjectHash: Compacting FUObjectHashTables data took   1.70ms
[2020.04.20-10.24.49:582][409]LogUObjectHash: Compacting FUObjectHashTables data took   0.57ms
[2020.04.20-10.24.50:103][409]LogSavePackage: Moving 'D:/Collage/Unreal Projects/CarThemHard_v02/CarThemHard_v02/Saved/CityPlaytest538B8274477E45737E22CFA54FA84176.tmp' to 'D:/Collage/Unreal Projects/CarThemHard_v02/CarThemHard_v02/Content/Levels/City_Playtest/CityPlaytest.umap'
[2020.04.20-10.24.53:278][409]LogSavePackage: Moving 'D:/Collage/Unreal Projects/CarThemHard_v02/CarThemHard_v02/Saved/CityPlaytest_BuiltData77D25E474896150CB92D17866D6C71E1.tmp' to 'D:/Collage/Unreal Projects/CarThemHard_v02/CarThemHard_v02/Content/Levels/City_Playtest/CityPlaytest_BuiltData.uasset'
[2020.04.20-10.24.53:353][409]AssetCheck: New page: Asset Save: multiple assets
[2020.04.20-10.24.53:353][409]LogContentValidation: Display: Validating World /Game/Levels/City_Playtest/CityPlaytest.CityPlaytest
[2020.04.20-10.24.53:353][409]LogContentValidation: Display: Validating MapBuildDataRegistry /Game/Levels/City_Playtest/CityPlaytest_BuiltData.CityPlaytest_BuiltData
